2025-01-19 01:55:55.727 | INFO     | utils.utils_logger:<module>:38 - Logging to file: logs\project_log.log
2025-01-19 01:55:55.728 | INFO     | __main__:main:103 - START producer.
2025-01-19 01:55:55.728 | INFO     | utils.utils_producer:get_zookeeper_address:57 - Zookeeper address: localhost:2181
2025-01-19 01:55:55.746 | INFO     | utils.utils_producer:check_zookeeper_service_is_ready:79 - Zookeeper is ready at localhost:2181.
2025-01-19 01:55:55.746 | INFO     | utils.utils_producer:get_kafka_broker_address:50 - Kafka broker address: localhost:9092
2025-01-19 01:55:57.989 | ERROR    | utils.utils_producer:check_kafka_service_is_ready:102 - Error checking Kafka: NodeNotReadyError
2025-01-19 01:55:57.992 | ERROR    | utils.utils_producer:verify_services:121 - Kafka broker is not ready. Please check your Kafka setup. Exiting...
2025-01-19 02:02:17.030 | INFO     | utils.utils_logger:<module>:38 - Logging to file: logs\project_log.log
2025-01-19 02:02:17.032 | INFO     | __main__:main:103 - START producer.
2025-01-19 02:02:17.032 | INFO     | utils.utils_producer:get_zookeeper_address:57 - Zookeeper address: localhost:2181
2025-01-19 02:02:17.037 | INFO     | utils.utils_producer:check_zookeeper_service_is_ready:79 - Zookeeper is ready at localhost:2181.
2025-01-19 02:02:17.037 | INFO     | utils.utils_producer:get_kafka_broker_address:50 - Kafka broker address: localhost:9092
2025-01-19 02:02:19.282 | ERROR    | utils.utils_producer:check_kafka_service_is_ready:102 - Error checking Kafka: NodeNotReadyError
2025-01-19 02:02:19.283 | ERROR    | utils.utils_producer:verify_services:121 - Kafka broker is not ready. Please check your Kafka setup. Exiting...
2025-01-19 02:13:06.873 | INFO     | utils.utils_logger:<module>:38 - Logging to file: logs\project_log.log
2025-01-19 02:13:06.875 | INFO     | __main__:main:103 - START producer.
2025-01-19 02:13:06.875 | INFO     | utils.utils_producer:get_zookeeper_address:57 - Zookeeper address: localhost:2181
2025-01-19 02:13:06.879 | INFO     | utils.utils_producer:check_zookeeper_service_is_ready:79 - Zookeeper is ready at localhost:2181.
2025-01-19 02:13:06.880 | INFO     | utils.utils_producer:get_kafka_broker_address:50 - Kafka broker address: localhost:9092
2025-01-19 02:13:09.104 | ERROR    | utils.utils_producer:check_kafka_service_is_ready:102 - Error checking Kafka: NodeNotReadyError
2025-01-19 02:13:09.107 | ERROR    | utils.utils_producer:verify_services:121 - Kafka broker is not ready. Please check your Kafka setup. Exiting...
2025-01-19 02:23:05.466 | INFO     | utils.utils_logger:<module>:38 - Logging to file: logs\project_log.log
2025-01-19 02:23:05.467 | INFO     | __main__:main:103 - START producer.
2025-01-19 02:23:05.467 | INFO     | utils.utils_producer:get_zookeeper_address:57 - Zookeeper address: localhost:2181
2025-01-19 02:23:05.472 | INFO     | utils.utils_producer:check_zookeeper_service_is_ready:79 - Zookeeper is ready at localhost:2181.
2025-01-19 02:23:05.472 | INFO     | utils.utils_producer:get_kafka_broker_address:50 - Kafka broker address: localhost:9092
2025-01-19 02:23:05.800 | INFO     | utils.utils_producer:check_kafka_service_is_ready:98 - Kafka is ready. Brokers: {'throttle_time_ms': 0, 'brokers': [{'node_id': 1001, 'host': 'localhost', 'port': 9092, 'rack': None}], 'cluster_id': 'z4xsLJgoSja77lh7ohQ56Q', 'controller_id': 1001}
2025-01-19 02:23:05.801 | INFO     | __main__:get_kafka_topic:41 - Kafka topic: buzzline
2025-01-19 02:23:05.801 | INFO     | __main__:get_message_interval:48 - Message interval: 1 seconds
2025-01-19 02:23:05.801 | INFO     | utils.utils_producer:get_kafka_broker_address:50 - Kafka broker address: localhost:9092
2025-01-19 02:23:05.802 | INFO     | utils.utils_producer:create_kafka_producer:146 - Connecting to Kafka broker at localhost:9092...
2025-01-19 02:23:05.910 | INFO     | utils.utils_producer:create_kafka_producer:151 - Kafka producer successfully created.
2025-01-19 02:23:05.911 | INFO     | utils.utils_producer:get_kafka_broker_address:50 - Kafka broker address: localhost:9092
2025-01-19 02:23:06.233 | INFO     | utils.utils_producer:create_kafka_topic:176 - Creating 'buzzline'.
2025-01-19 02:23:06.364 | INFO     | utils.utils_producer:create_kafka_topic:181 - Topic 'buzzline' created successfully.
2025-01-19 02:23:06.364 | INFO     | __main__:main:119 - Kafka topic 'buzzline' is ready.
2025-01-19 02:23:06.365 | INFO     | __main__:main:125 - Starting message production to topic 'buzzline'...
2025-01-19 02:23:06.365 | INFO     | __main__:generate_messages:77 - Generated buzz: I love Python!
2025-01-19 02:23:06.437 | INFO     | __main__:generate_messages:79 - Sent message to topic 'buzzline': I love Python!
2025-01-19 02:23:07.439 | INFO     | __main__:generate_messages:77 - Generated buzz: Kafka is awesome.
2025-01-19 02:23:07.439 | INFO     | __main__:generate_messages:79 - Sent message to topic 'buzzline': Kafka is awesome.
2025-01-19 02:23:08.440 | INFO     | __main__:generate_messages:77 - Generated buzz: Streaming data is fun.
2025-01-19 02:23:08.442 | INFO     | __main__:generate_messages:79 - Sent message to topic 'buzzline': Streaming data is fun.
2025-01-19 02:23:09.443 | INFO     | __main__:generate_messages:77 - Generated buzz: This is a buzz message.
2025-01-19 02:23:09.443 | INFO     | __main__:generate_messages:79 - Sent message to topic 'buzzline': This is a buzz message.
2025-01-19 02:23:10.445 | INFO     | __main__:generate_messages:77 - Generated buzz: Have a great day!
2025-01-19 02:23:10.445 | INFO     | __main__:generate_messages:79 - Sent message to topic 'buzzline': Have a great day!
2025-01-19 02:23:11.400 | WARNING  | __main__:generate_messages:82 - Producer interrupted by user.
2025-01-19 02:23:11.402 | INFO     | __main__:generate_messages:87 - Kafka producer closed.
2025-01-19 02:23:11.402 | INFO     | __main__:main:128 - END producer.
2025-01-19 02:25:40.418 | INFO     | utils.utils_logger:<module>:38 - Logging to file: logs\project_log.log
2025-01-19 02:25:40.420 | INFO     | __main__:main:103 - START producer.
2025-01-19 02:25:40.420 | INFO     | utils.utils_producer:get_zookeeper_address:57 - Zookeeper address: localhost:2181
2025-01-19 02:25:40.424 | INFO     | utils.utils_producer:check_zookeeper_service_is_ready:79 - Zookeeper is ready at localhost:2181.
2025-01-19 02:25:40.425 | INFO     | utils.utils_producer:get_kafka_broker_address:50 - Kafka broker address: localhost:9092
2025-01-19 02:25:40.746 | INFO     | utils.utils_producer:check_kafka_service_is_ready:98 - Kafka is ready. Brokers: {'throttle_time_ms': 0, 'brokers': [{'node_id': 1001, 'host': 'localhost', 'port': 9092, 'rack': None}], 'cluster_id': 'z4xsLJgoSja77lh7ohQ56Q', 'controller_id': 1001}
2025-01-19 02:25:40.747 | INFO     | __main__:get_kafka_topic:41 - Kafka topic: buzzline
2025-01-19 02:25:40.747 | INFO     | __main__:get_message_interval:48 - Message interval: 1 seconds
2025-01-19 02:25:40.747 | INFO     | utils.utils_producer:get_kafka_broker_address:50 - Kafka broker address: localhost:9092
2025-01-19 02:25:40.747 | INFO     | utils.utils_producer:create_kafka_producer:146 - Connecting to Kafka broker at localhost:9092...
2025-01-19 02:25:40.853 | INFO     | utils.utils_producer:create_kafka_producer:151 - Kafka producer successfully created.
2025-01-19 02:25:40.853 | INFO     | utils.utils_producer:get_kafka_broker_address:50 - Kafka broker address: localhost:9092
2025-01-19 02:25:41.168 | INFO     | utils.utils_producer:create_kafka_topic:172 - Topic 'buzzline' already exists. Clearing it out...
2025-01-19 02:25:41.168 | INFO     | utils.utils_producer:get_kafka_broker_address:50 - Kafka broker address: localhost:9092
2025-01-19 02:25:41.489 | ERROR    | utils.utils_producer:clear_kafka_topic:235 - Error managing retention for topic 'buzzline': list indices must be integers or slices, not ConfigResource
2025-01-19 02:25:41.490 | INFO     | __main__:main:119 - Kafka topic 'buzzline' is ready.
2025-01-19 02:25:41.490 | INFO     | __main__:main:125 - Starting message production to topic 'buzzline'...
2025-01-19 02:25:41.490 | INFO     | __main__:generate_messages:77 - Generated buzz: I love Python!
2025-01-19 02:25:41.491 | INFO     | __main__:generate_messages:79 - Sent message to topic 'buzzline': I love Python!
2025-01-19 02:25:42.492 | INFO     | __main__:generate_messages:77 - Generated buzz: Kafka is awesome.
2025-01-19 02:25:42.492 | INFO     | __main__:generate_messages:79 - Sent message to topic 'buzzline': Kafka is awesome.
2025-01-19 02:25:43.493 | INFO     | __main__:generate_messages:77 - Generated buzz: Streaming data is fun.
2025-01-19 02:25:43.493 | INFO     | __main__:generate_messages:79 - Sent message to topic 'buzzline': Streaming data is fun.
2025-01-19 02:25:43.933 | INFO     | utils.utils_logger:<module>:38 - Logging to file: logs\project_log.log
2025-01-19 02:25:43.935 | INFO     | __main__:main:78 - START consumer.
2025-01-19 02:25:43.935 | INFO     | __main__:get_kafka_topic:35 - Kafka topic: buzzline
2025-01-19 02:25:43.935 | INFO     | __main__:get_kafka_consumer_group_id:42 - Kafka consumer group id: default_group
2025-01-19 02:25:43.935 | INFO     | __main__:main:83 - Consumer: Topic 'buzzline' and group 'default_group'...
2025-01-19 02:25:43.935 | INFO     | utils.utils_producer:get_kafka_broker_address:50 - Kafka broker address: localhost:9092
2025-01-19 02:25:43.935 | INFO     | utils.utils_consumer:create_kafka_consumer:44 - Creating Kafka consumer. Topic='buzzline' and group ID='default_group'.
2025-01-19 02:25:44.046 | INFO     | utils.utils_consumer:create_kafka_consumer:57 - Kafka consumer created successfully.
2025-01-19 02:25:44.046 | INFO     | __main__:main:89 - Polling messages from topic 'buzzline'...
2025-01-19 02:25:44.494 | INFO     | __main__:generate_messages:77 - Generated buzz: This is a buzz message.
2025-01-19 02:25:44.494 | INFO     | __main__:generate_messages:79 - Sent message to topic 'buzzline': This is a buzz message.
2025-01-19 02:25:44.637 | INFO     | __main__:process_message:62 - Processing message: I love Python!
2025-01-19 02:25:44.638 | INFO     | __main__:process_message:62 - Processing message: Kafka is awesome.
2025-01-19 02:25:44.638 | INFO     | __main__:process_message:62 - Processing message: Streaming data is fun.
2025-01-19 02:25:44.639 | INFO     | __main__:process_message:62 - Processing message: This is a buzz message.
2025-01-19 02:25:44.639 | INFO     | __main__:process_message:62 - Processing message: Have a great day!
2025-01-19 02:25:44.640 | INFO     | __main__:process_message:62 - Processing message: I love Python!
2025-01-19 02:25:44.640 | INFO     | __main__:process_message:62 - Processing message: Kafka is awesome.
2025-01-19 02:25:44.640 | INFO     | __main__:process_message:62 - Processing message: Streaming data is fun.
2025-01-19 02:25:44.641 | INFO     | __main__:process_message:62 - Processing message: This is a buzz message.
2025-01-19 02:25:45.496 | INFO     | __main__:generate_messages:77 - Generated buzz: Have a great day!
2025-01-19 02:25:45.496 | INFO     | __main__:generate_messages:79 - Sent message to topic 'buzzline': Have a great day!
2025-01-19 02:25:45.500 | INFO     | __main__:process_message:62 - Processing message: Have a great day!
2025-01-19 02:25:46.498 | INFO     | __main__:generate_messages:77 - Generated buzz: I love Python!
2025-01-19 02:25:46.498 | INFO     | __main__:generate_messages:79 - Sent message to topic 'buzzline': I love Python!
2025-01-19 02:25:46.500 | INFO     | __main__:process_message:62 - Processing message: I love Python!
2025-01-19 02:25:47.499 | INFO     | __main__:generate_messages:77 - Generated buzz: Kafka is awesome.
2025-01-19 02:25:47.499 | INFO     | __main__:generate_messages:79 - Sent message to topic 'buzzline': Kafka is awesome.
2025-01-19 02:25:47.503 | INFO     | __main__:process_message:62 - Processing message: Kafka is awesome.
2025-01-19 02:25:48.501 | INFO     | __main__:generate_messages:77 - Generated buzz: Streaming data is fun.
2025-01-19 02:25:48.501 | INFO     | __main__:generate_messages:79 - Sent message to topic 'buzzline': Streaming data is fun.
2025-01-19 02:25:48.504 | INFO     | __main__:process_message:62 - Processing message: Streaming data is fun.
2025-01-19 02:25:49.502 | INFO     | __main__:generate_messages:77 - Generated buzz: This is a buzz message.
2025-01-19 02:25:49.502 | INFO     | __main__:generate_messages:79 - Sent message to topic 'buzzline': This is a buzz message.
2025-01-19 02:25:49.505 | INFO     | __main__:process_message:62 - Processing message: This is a buzz message.
2025-01-19 02:25:50.504 | INFO     | __main__:generate_messages:77 - Generated buzz: Have a great day!
2025-01-19 02:25:50.505 | INFO     | __main__:generate_messages:79 - Sent message to topic 'buzzline': Have a great day!
2025-01-19 02:25:50.508 | INFO     | __main__:process_message:62 - Processing message: Have a great day!
2025-01-19 02:25:51.506 | INFO     | __main__:generate_messages:77 - Generated buzz: I love Python!
2025-01-19 02:25:51.506 | INFO     | __main__:generate_messages:79 - Sent message to topic 'buzzline': I love Python!
2025-01-19 02:25:51.509 | INFO     | __main__:process_message:62 - Processing message: I love Python!
2025-01-19 02:25:52.507 | INFO     | __main__:generate_messages:77 - Generated buzz: Kafka is awesome.
2025-01-19 02:25:52.508 | INFO     | __main__:generate_messages:79 - Sent message to topic 'buzzline': Kafka is awesome.
2025-01-19 02:25:52.510 | INFO     | __main__:process_message:62 - Processing message: Kafka is awesome.
2025-01-19 02:25:53.509 | INFO     | __main__:generate_messages:77 - Generated buzz: Streaming data is fun.
2025-01-19 02:25:53.509 | INFO     | __main__:generate_messages:79 - Sent message to topic 'buzzline': Streaming data is fun.
2025-01-19 02:25:53.512 | INFO     | __main__:process_message:62 - Processing message: Streaming data is fun.
2025-01-19 02:25:54.511 | INFO     | __main__:generate_messages:77 - Generated buzz: This is a buzz message.
2025-01-19 02:25:54.511 | INFO     | __main__:generate_messages:79 - Sent message to topic 'buzzline': This is a buzz message.
2025-01-19 02:25:54.514 | INFO     | __main__:process_message:62 - Processing message: This is a buzz message.
2025-01-19 02:25:55.512 | INFO     | __main__:generate_messages:77 - Generated buzz: Have a great day!
2025-01-19 02:25:55.512 | INFO     | __main__:generate_messages:79 - Sent message to topic 'buzzline': Have a great day!
2025-01-19 02:25:55.515 | INFO     | __main__:process_message:62 - Processing message: Have a great day!
2025-01-19 02:25:56.514 | INFO     | __main__:generate_messages:77 - Generated buzz: I love Python!
2025-01-19 02:25:56.514 | INFO     | __main__:generate_messages:79 - Sent message to topic 'buzzline': I love Python!
2025-01-19 02:25:56.518 | INFO     | __main__:process_message:62 - Processing message: I love Python!
2025-01-19 02:25:57.020 | WARNING  | __main__:main:96 - Consumer interrupted by user.
2025-01-19 02:25:57.030 | INFO     | __main__:main:101 - Kafka consumer for topic 'buzzline' closed.
2025-01-19 02:25:57.030 | INFO     | __main__:main:103 - END consumer for topic 'buzzline' and group 'default_group'.
2025-01-19 02:25:57.515 | INFO     | __main__:generate_messages:77 - Generated buzz: Kafka is awesome.
2025-01-19 02:25:57.515 | INFO     | __main__:generate_messages:79 - Sent message to topic 'buzzline': Kafka is awesome.
2025-01-19 02:25:58.516 | INFO     | __main__:generate_messages:77 - Generated buzz: Streaming data is fun.
2025-01-19 02:25:58.518 | INFO     | __main__:generate_messages:79 - Sent message to topic 'buzzline': Streaming data is fun.
2025-01-19 02:25:58.608 | WARNING  | __main__:generate_messages:82 - Producer interrupted by user.
2025-01-19 02:25:58.610 | INFO     | __main__:generate_messages:87 - Kafka producer closed.
2025-01-19 02:25:58.610 | INFO     | __main__:main:128 - END producer.
2025-01-19 02:29:05.143 | INFO     | utils.utils_logger:<module>:38 - Logging to file: logs\project_log.log
2025-01-19 02:29:05.145 | INFO     | __main__:main:103 - START producer.
2025-01-19 02:29:05.145 | INFO     | utils.utils_producer:get_zookeeper_address:57 - Zookeeper address: localhost:2181
2025-01-19 02:29:05.151 | INFO     | utils.utils_producer:check_zookeeper_service_is_ready:79 - Zookeeper is ready at localhost:2181.
2025-01-19 02:29:05.152 | INFO     | utils.utils_producer:get_kafka_broker_address:50 - Kafka broker address: localhost:9092
2025-01-19 02:29:05.480 | INFO     | utils.utils_producer:check_kafka_service_is_ready:98 - Kafka is ready. Brokers: {'throttle_time_ms': 0, 'brokers': [{'node_id': 1001, 'host': 'localhost', 'port': 9092, 'rack': None}], 'cluster_id': 'z4xsLJgoSja77lh7ohQ56Q', 'controller_id': 1001}
2025-01-19 02:29:05.480 | INFO     | __main__:get_kafka_topic:41 - Kafka topic: buzzline
2025-01-19 02:29:05.480 | INFO     | __main__:get_message_interval:48 - Message interval: 1 seconds
2025-01-19 02:29:05.480 | INFO     | utils.utils_producer:get_kafka_broker_address:50 - Kafka broker address: localhost:9092
2025-01-19 02:29:05.480 | INFO     | utils.utils_producer:create_kafka_producer:146 - Connecting to Kafka broker at localhost:9092...
2025-01-19 02:29:05.587 | INFO     | utils.utils_producer:create_kafka_producer:151 - Kafka producer successfully created.
2025-01-19 02:29:05.587 | INFO     | utils.utils_producer:get_kafka_broker_address:50 - Kafka broker address: localhost:9092
2025-01-19 02:29:05.907 | INFO     | utils.utils_producer:create_kafka_topic:172 - Topic 'buzzline' already exists. Clearing it out...
2025-01-19 02:29:05.907 | INFO     | utils.utils_producer:get_kafka_broker_address:50 - Kafka broker address: localhost:9092
2025-01-19 02:29:06.234 | ERROR    | utils.utils_producer:clear_kafka_topic:235 - Error managing retention for topic 'buzzline': list indices must be integers or slices, not ConfigResource
2025-01-19 02:29:06.234 | INFO     | __main__:main:119 - Kafka topic 'buzzline' is ready.
2025-01-19 02:29:06.235 | INFO     | __main__:main:125 - Starting message production to topic 'buzzline'...
2025-01-19 02:29:06.235 | INFO     | __main__:generate_messages:77 - Generated buzz: I love Python!
2025-01-19 02:29:06.236 | INFO     | __main__:generate_messages:79 - Sent message to topic 'buzzline': I love Python!
2025-01-19 02:29:07.237 | INFO     | __main__:generate_messages:77 - Generated buzz: Kafka is awesome.
2025-01-19 02:29:07.237 | INFO     | __main__:generate_messages:79 - Sent message to topic 'buzzline': Kafka is awesome.
2025-01-19 02:29:08.238 | INFO     | __main__:generate_messages:77 - Generated buzz: Streaming data is fun.
2025-01-19 02:29:08.238 | INFO     | __main__:generate_messages:79 - Sent message to topic 'buzzline': Streaming data is fun.
2025-01-19 02:29:09.240 | INFO     | __main__:generate_messages:77 - Generated buzz: This is a buzz message.
2025-01-19 02:29:09.241 | INFO     | __main__:generate_messages:79 - Sent message to topic 'buzzline': This is a buzz message.
2025-01-19 02:29:10.243 | INFO     | __main__:generate_messages:77 - Generated buzz: Have a great day!
2025-01-19 02:29:10.243 | INFO     | __main__:generate_messages:79 - Sent message to topic 'buzzline': Have a great day!
2025-01-19 02:29:11.244 | INFO     | __main__:generate_messages:77 - Generated buzz: I love Python!
2025-01-19 02:29:11.245 | INFO     | __main__:generate_messages:79 - Sent message to topic 'buzzline': I love Python!
2025-01-19 02:29:12.246 | INFO     | __main__:generate_messages:77 - Generated buzz: Kafka is awesome.
2025-01-19 02:29:12.246 | INFO     | __main__:generate_messages:79 - Sent message to topic 'buzzline': Kafka is awesome.
2025-01-19 02:29:13.248 | INFO     | __main__:generate_messages:77 - Generated buzz: Streaming data is fun.
2025-01-19 02:29:13.249 | INFO     | __main__:generate_messages:79 - Sent message to topic 'buzzline': Streaming data is fun.
2025-01-19 02:29:14.251 | INFO     | __main__:generate_messages:77 - Generated buzz: This is a buzz message.
2025-01-19 02:29:14.251 | INFO     | __main__:generate_messages:79 - Sent message to topic 'buzzline': This is a buzz message.
2025-01-19 02:29:15.252 | INFO     | __main__:generate_messages:77 - Generated buzz: Have a great day!
2025-01-19 02:29:15.252 | INFO     | __main__:generate_messages:79 - Sent message to topic 'buzzline': Have a great day!
2025-01-19 02:29:16.254 | INFO     | __main__:generate_messages:77 - Generated buzz: I love Python!
2025-01-19 02:29:16.254 | INFO     | __main__:generate_messages:79 - Sent message to topic 'buzzline': I love Python!
2025-01-19 02:29:17.255 | INFO     | __main__:generate_messages:77 - Generated buzz: Kafka is awesome.
2025-01-19 02:29:17.255 | INFO     | __main__:generate_messages:79 - Sent message to topic 'buzzline': Kafka is awesome.
2025-01-19 02:29:18.256 | INFO     | __main__:generate_messages:77 - Generated buzz: Streaming data is fun.
2025-01-19 02:29:18.256 | INFO     | __main__:generate_messages:79 - Sent message to topic 'buzzline': Streaming data is fun.
2025-01-19 02:29:19.258 | INFO     | __main__:generate_messages:77 - Generated buzz: This is a buzz message.
2025-01-19 02:29:19.258 | INFO     | __main__:generate_messages:79 - Sent message to topic 'buzzline': This is a buzz message.
2025-01-19 02:29:20.259 | INFO     | __main__:generate_messages:77 - Generated buzz: Have a great day!
2025-01-19 02:29:20.259 | INFO     | __main__:generate_messages:79 - Sent message to topic 'buzzline': Have a great day!
2025-01-19 02:29:21.079 | WARNING  | __main__:generate_messages:82 - Producer interrupted by user.
2025-01-19 02:29:21.080 | INFO     | __main__:generate_messages:87 - Kafka producer closed.
2025-01-19 02:29:21.080 | INFO     | __main__:main:128 - END producer.
